2025-11-20T01:57:51.817Z  INFO 1 --- [ms-rutas-transportistas] [main] c.b.t.m.RutasTransportistasApplication   : Starting RutasTransportistasApplication v0.0.1-SNAPSHOT using Java 21.0.9 with PID 1 (/app/app.jar started by root in /app)
2025-11-20T01:57:51.857Z  INFO 1 --- [ms-rutas-transportistas] [main] c.b.t.m.RutasTransportistasApplication   : No active profile set, falling back to 1 default profile: "default"
2025-11-20T01:57:53.071Z  INFO 1 --- [ms-rutas-transportistas] [main] .s.d.r.c.RepositoryConfigurationDelegate : Bootstrapping Spring Data JPA repositories in DEFAULT mode.
2025-11-20T01:57:53.153Z  INFO 1 --- [ms-rutas-transportistas] [main] .s.d.r.c.RepositoryConfigurationDelegate : Finished Spring Data repository scanning in 68 ms. Found 7 JPA repository interfaces.
2025-11-20T01:57:54.181Z  INFO 1 --- [ms-rutas-transportistas] [main] o.s.b.w.embedded.tomcat.TomcatWebServer  : Tomcat initialized with port 8082 (http)
2025-11-20T01:57:54.206Z  INFO 1 --- [ms-rutas-transportistas] [main] o.apache.catalina.core.StandardService   : Starting service [Tomcat]
2025-11-20T01:57:54.208Z  INFO 1 --- [ms-rutas-transportistas] [main] o.apache.catalina.core.StandardEngine    : Starting Servlet engine: [Apache Tomcat/10.1.30]
2025-11-20T01:57:54.255Z  INFO 1 --- [ms-rutas-transportistas] [main] o.a.c.c.C.[Tomcat].[localhost].[/]       : Initializing Spring embedded WebApplicationContext
2025-11-20T01:57:54.256Z  INFO 1 --- [ms-rutas-transportistas] [main] w.s.c.ServletWebServerApplicationContext : Root WebApplicationContext: initialization completed in 2339 ms
2025-11-20T01:57:55.224Z  INFO 1 --- [ms-rutas-transportistas] [main] o.s.o.j.p.SpringPersistenceUnitInfo      : No LoadTimeWeaver setup: ignoring JPA class transformer
2025-11-20T01:57:55.262Z  INFO 1 --- [ms-rutas-transportistas] [main] com.zaxxer.hikari.HikariDataSource       : HikariPool-1 - Starting...
2025-11-20T01:57:55.539Z  INFO 1 --- [ms-rutas-transportistas] [main] com.zaxxer.hikari.pool.HikariPool        : HikariPool-1 - Added connection org.postgresql.jdbc.PgConnection@55d99dc3
2025-11-20T01:57:55.541Z  INFO 1 --- [ms-rutas-transportistas] [main] com.zaxxer.hikari.HikariDataSource       : HikariPool-1 - Start completed.
2025-11-20T01:57:55.623Z  WARN 1 --- [ms-rutas-transportistas] [main] org.hibernate.orm.deprecation            : HHH90000025: PostgreSQLDialect does not need to be specified explicitly using 'hibernate.dialect' (remove the property setting and it will be selected by default)
2025-11-20T01:57:57.237Z  INFO 1 --- [ms-rutas-transportistas] [main] j.LocalContainerEntityManagerFactoryBean : Initialized JPA EntityManagerFactory for persistence unit 'default'
2025-11-20T01:57:58.182Z  WARN 1 --- [ms-rutas-transportistas] [main] ConfigServletWebServerApplicationContext : Exception encountered during context initialization - cancelling refresh attempt: org.springframework.beans.factory.UnsatisfiedDependencyException: Error creating bean with name 'rutaController': Unsatisfied dependency expressed through field 'rutaOpcionService': Error creating bean with name 'rutaOpcionService': Unsatisfied dependency expressed through field 'restTemplate': No qualifying bean of type 'org.springframework.web.client.RestTemplate' available: expected at least 1 bean which qualifies as autowire candidate. Dependency annotations: {@org.springframework.beans.factory.annotation.Autowired(required=true)}
2025-11-20T01:57:58.185Z  INFO 1 --- [ms-rutas-transportistas] [main] j.LocalContainerEntityManagerFactoryBean : Closing JPA EntityManagerFactory for persistence unit 'default'
2025-11-20T01:57:58.187Z  INFO 1 --- [ms-rutas-transportistas] [main] com.zaxxer.hikari.HikariDataSource       : HikariPool-1 - Shutdown initiated...
2025-11-20T01:57:58.194Z  INFO 1 --- [ms-rutas-transportistas] [main] com.zaxxer.hikari.HikariDataSource       : HikariPool-1 - Shutdown completed.
2025-11-20T01:57:58.197Z  INFO 1 --- [ms-rutas-transportistas] [main] o.apache.catalina.core.StandardService   : Stopping service [Tomcat]
2025-11-20T01:57:58.217Z  INFO 1 --- [ms-rutas-transportistas] [main] .s.b.a.l.ConditionEvaluationReportLogger : 

Error starting ApplicationContext. To display the condition evaluation report re-run your application with 'debug' enabled.
2025-11-20T01:57:58.277Z ERROR 1 --- [ms-rutas-transportistas] [main] o.s.b.d.LoggingFailureAnalysisReporter   : 

***************************
APPLICATION FAILED TO START
***************************

Description:

Field restTemplate in com.backend.tpi.ms_rutas_transportistas.services.RutaOpcionService required a bean of type 'org.springframework.web.client.RestTemplate' that could not be found.

The injection point has the following annotations:
	- @org.springframework.beans.factory.annotation.Autowired(required=true)


Action:

Consider defining a bean of type 'org.springframework.web.client.RestTemplate' in your configuration.

2025-11-20T02:00:32.219Z  INFO 1 --- [ms-rutas-transportistas] [main] c.b.t.m.RutasTransportistasApplication   : Starting RutasTransportistasApplication v0.0.1-SNAPSHOT using Java 21.0.9 with PID 1 (/app/app.jar started by root in /app)
2025-11-20T02:00:32.223Z  INFO 1 --- [ms-rutas-transportistas] [main] c.b.t.m.RutasTransportistasApplication   : No active profile set, falling back to 1 default profile: "default"
2025-11-20T02:00:33.286Z  INFO 1 --- [ms-rutas-transportistas] [main] .s.d.r.c.RepositoryConfigurationDelegate : Bootstrapping Spring Data JPA repositories in DEFAULT mode.
2025-11-20T02:00:33.357Z  INFO 1 --- [ms-rutas-transportistas] [main] .s.d.r.c.RepositoryConfigurationDelegate : Finished Spring Data repository scanning in 63 ms. Found 7 JPA repository interfaces.
2025-11-20T02:00:34.065Z  INFO 1 --- [ms-rutas-transportistas] [main] o.s.b.w.embedded.tomcat.TomcatWebServer  : Tomcat initialized with port 8082 (http)
2025-11-20T02:00:34.083Z  INFO 1 --- [ms-rutas-transportistas] [main] o.apache.catalina.core.StandardService   : Starting service [Tomcat]
2025-11-20T02:00:34.084Z  INFO 1 --- [ms-rutas-transportistas] [main] o.apache.catalina.core.StandardEngine    : Starting Servlet engine: [Apache Tomcat/10.1.30]
2025-11-20T02:00:34.123Z  INFO 1 --- [ms-rutas-transportistas] [main] o.a.c.c.C.[Tomcat].[localhost].[/]       : Initializing Spring embedded WebApplicationContext
2025-11-20T02:00:34.125Z  INFO 1 --- [ms-rutas-transportistas] [main] w.s.c.ServletWebServerApplicationContext : Root WebApplicationContext: initialization completed in 1852 ms
2025-11-20T02:00:34.680Z  INFO 1 --- [ms-rutas-transportistas] [main] o.s.o.j.p.SpringPersistenceUnitInfo      : No LoadTimeWeaver setup: ignoring JPA class transformer
2025-11-20T02:00:34.721Z  INFO 1 --- [ms-rutas-transportistas] [main] com.zaxxer.hikari.HikariDataSource       : HikariPool-1 - Starting...
2025-11-20T02:00:34.994Z  INFO 1 --- [ms-rutas-transportistas] [main] com.zaxxer.hikari.pool.HikariPool        : HikariPool-1 - Added connection org.postgresql.jdbc.PgConnection@47ef5a33
2025-11-20T02:00:34.997Z  INFO 1 --- [ms-rutas-transportistas] [main] com.zaxxer.hikari.HikariDataSource       : HikariPool-1 - Start completed.
2025-11-20T02:00:35.032Z  WARN 1 --- [ms-rutas-transportistas] [main] org.hibernate.orm.deprecation            : HHH90000025: PostgreSQLDialect does not need to be specified explicitly using 'hibernate.dialect' (remove the property setting and it will be selected by default)
2025-11-20T02:00:36.549Z  INFO 1 --- [ms-rutas-transportistas] [main] j.LocalContainerEntityManagerFactoryBean : Initialized JPA EntityManagerFactory for persistence unit 'default'
2025-11-20T02:00:37.431Z  WARN 1 --- [ms-rutas-transportistas] [main] ConfigServletWebServerApplicationContext : Exception encountered during context initialization - cancelling refresh attempt: org.springframework.beans.factory.UnsatisfiedDependencyException: Error creating bean with name 'rutaController': Unsatisfied dependency expressed through field 'rutaOpcionService': Error creating bean with name 'rutaOpcionService': Unsatisfied dependency expressed through field 'restTemplate': No qualifying bean of type 'org.springframework.web.client.RestTemplate' available: expected at least 1 bean which qualifies as autowire candidate. Dependency annotations: {@org.springframework.beans.factory.annotation.Autowired(required=true)}
2025-11-20T02:00:37.433Z  INFO 1 --- [ms-rutas-transportistas] [main] j.LocalContainerEntityManagerFactoryBean : Closing JPA EntityManagerFactory for persistence unit 'default'
2025-11-20T02:00:37.436Z  INFO 1 --- [ms-rutas-transportistas] [main] com.zaxxer.hikari.HikariDataSource       : HikariPool-1 - Shutdown initiated...
2025-11-20T02:00:37.442Z  INFO 1 --- [ms-rutas-transportistas] [main] com.zaxxer.hikari.HikariDataSource       : HikariPool-1 - Shutdown completed.
2025-11-20T02:00:37.445Z  INFO 1 --- [ms-rutas-transportistas] [main] o.apache.catalina.core.StandardService   : Stopping service [Tomcat]
2025-11-20T02:00:37.459Z  INFO 1 --- [ms-rutas-transportistas] [main] .s.b.a.l.ConditionEvaluationReportLogger : 

Error starting ApplicationContext. To display the condition evaluation report re-run your application with 'debug' enabled.
2025-11-20T02:00:37.521Z ERROR 1 --- [ms-rutas-transportistas] [main] o.s.b.d.LoggingFailureAnalysisReporter   : 

***************************
APPLICATION FAILED TO START
***************************

Description:

Field restTemplate in com.backend.tpi.ms_rutas_transportistas.services.RutaOpcionService required a bean of type 'org.springframework.web.client.RestTemplate' that could not be found.

The injection point has the following annotations:
	- @org.springframework.beans.factory.annotation.Autowired(required=true)


Action:

Consider defining a bean of type 'org.springframework.web.client.RestTemplate' in your configuration.

2025-11-20T02:01:58.927Z  INFO 1 --- [ms-rutas-transportistas] [main] c.b.t.m.RutasTransportistasApplication   : Starting RutasTransportistasApplication v0.0.1-SNAPSHOT using Java 21.0.9 with PID 1 (/app/app.jar started by root in /app)
2025-11-20T02:01:58.931Z  INFO 1 --- [ms-rutas-transportistas] [main] c.b.t.m.RutasTransportistasApplication   : No active profile set, falling back to 1 default profile: "default"
2025-11-20T02:01:59.711Z  WARN 1 --- [ms-rutas-transportistas] [main] ConfigServletWebServerApplicationContext : Exception encountered during context initialization - cancelling refresh attempt: org.springframework.beans.factory.support.BeanDefinitionOverrideException: Invalid bean definition with name 'restTemplate' defined in com.backend.tpi.ms_rutas_transportistas.RutasTransportistasApplication: Cannot register bean definition [Root bean: class [null]; scope=; abstract=false; lazyInit=null; autowireMode=3; dependencyCheck=0; autowireCandidate=true; primary=false; factoryBeanName=rutasTransportistasApplication; factoryMethodName=restTemplate; initMethodNames=null; destroyMethodNames=[(inferred)]; defined in com.backend.tpi.ms_rutas_transportistas.RutasTransportistasApplication] for bean 'restTemplate' since there is already [Root bean: class [null]; scope=; abstract=false; lazyInit=null; autowireMode=3; dependencyCheck=0; autowireCandidate=true; primary=false; factoryBeanName=restMicroservicoConfig; factoryMethodName=restTemplate; initMethodNames=null; destroyMethodNames=[(inferred)]; defined in class path resource [com/backend/tpi/ms_rutas_transportistas/config/RestMicroservicoConfig.class]] bound.
2025-11-20T02:01:59.721Z  INFO 1 --- [ms-rutas-transportistas] [main] .s.b.a.l.ConditionEvaluationReportLogger : 

Error starting ApplicationContext. To display the condition evaluation report re-run your application with 'debug' enabled.
2025-11-20T02:01:59.744Z ERROR 1 --- [ms-rutas-transportistas] [main] o.s.b.d.LoggingFailureAnalysisReporter   : 

***************************
APPLICATION FAILED TO START
***************************

Description:

The bean 'restTemplate', defined in com.backend.tpi.ms_rutas_transportistas.RutasTransportistasApplication, could not be registered. A bean with that name has already been defined in class path resource [com/backend/tpi/ms_rutas_transportistas/config/RestMicroservicoConfig.class] and overriding is disabled.

Action:

Consider renaming one of the beans or enabling overriding by setting spring.main.allow-bean-definition-overriding=true

2025-11-20T02:02:53.729Z  INFO 1 --- [ms-rutas-transportistas] [main] c.b.t.m.RutasTransportistasApplication   : Starting RutasTransportistasApplication v0.0.1-SNAPSHOT using Java 21.0.9 with PID 1 (/app/app.jar started by root in /app)
2025-11-20T02:02:53.733Z  INFO 1 --- [ms-rutas-transportistas] [main] c.b.t.m.RutasTransportistasApplication   : No active profile set, falling back to 1 default profile: "default"
2025-11-20T02:02:55.055Z  INFO 1 --- [ms-rutas-transportistas] [main] .s.d.r.c.RepositoryConfigurationDelegate : Bootstrapping Spring Data JPA repositories in DEFAULT mode.
2025-11-20T02:02:55.127Z  INFO 1 --- [ms-rutas-transportistas] [main] .s.d.r.c.RepositoryConfigurationDelegate : Finished Spring Data repository scanning in 64 ms. Found 7 JPA repository interfaces.
2025-11-20T02:02:57.300Z  INFO 1 --- [ms-rutas-transportistas] [main] o.s.b.w.embedded.tomcat.TomcatWebServer  : Tomcat initialized with port 8082 (http)
2025-11-20T02:02:57.327Z  INFO 1 --- [ms-rutas-transportistas] [main] o.apache.catalina.core.StandardService   : Starting service [Tomcat]
2025-11-20T02:02:57.329Z  INFO 1 --- [ms-rutas-transportistas] [main] o.apache.catalina.core.StandardEngine    : Starting Servlet engine: [Apache Tomcat/10.1.30]
2025-11-20T02:02:57.396Z  INFO 1 --- [ms-rutas-transportistas] [main] o.a.c.c.C.[Tomcat].[localhost].[/]       : Initializing Spring embedded WebApplicationContext
2025-11-20T02:02:57.398Z  INFO 1 --- [ms-rutas-transportistas] [main] w.s.c.ServletWebServerApplicationContext : Root WebApplicationContext: initialization completed in 3611 ms
2025-11-20T02:02:58.125Z  INFO 1 --- [ms-rutas-transportistas] [main] o.s.o.j.p.SpringPersistenceUnitInfo      : No LoadTimeWeaver setup: ignoring JPA class transformer
2025-11-20T02:02:58.161Z  INFO 1 --- [ms-rutas-transportistas] [main] com.zaxxer.hikari.HikariDataSource       : HikariPool-1 - Starting...
2025-11-20T02:02:58.379Z  INFO 1 --- [ms-rutas-transportistas] [main] com.zaxxer.hikari.pool.HikariPool        : HikariPool-1 - Added connection org.postgresql.jdbc.PgConnection@6e090aaa
2025-11-20T02:02:58.382Z  INFO 1 --- [ms-rutas-transportistas] [main] com.zaxxer.hikari.HikariDataSource       : HikariPool-1 - Start completed.
2025-11-20T02:02:58.411Z  WARN 1 --- [ms-rutas-transportistas] [main] org.hibernate.orm.deprecation            : HHH90000025: PostgreSQLDialect does not need to be specified explicitly using 'hibernate.dialect' (remove the property setting and it will be selected by default)
2025-11-20T02:02:59.731Z  INFO 1 --- [ms-rutas-transportistas] [main] j.LocalContainerEntityManagerFactoryBean : Initialized JPA EntityManagerFactory for persistence unit 'default'
2025-11-20T02:02:59.745Z  WARN 1 --- [ms-rutas-transportistas] [main] ConfigServletWebServerApplicationContext : Exception encountered during context initialization - cancelling refresh attempt: org.springframework.beans.factory.BeanCreationException: Error creating bean with name 'restMicroservicoConfig' defined in URL [jar:nested:/app/app.jar/!BOOT-INF/classes/!/com/backend/tpi/ms_rutas_transportistas/config/RestMicroservicoConfig.class]: Failed to instantiate [com.backend.tpi.ms_rutas_transportistas.config.RestMicroservicoConfig$$SpringCGLIB$$0]: Constructor threw exception
2025-11-20T02:02:59.746Z  INFO 1 --- [ms-rutas-transportistas] [main] j.LocalContainerEntityManagerFactoryBean : Closing JPA EntityManagerFactory for persistence unit 'default'
2025-11-20T02:02:59.751Z  INFO 1 --- [ms-rutas-transportistas] [main] com.zaxxer.hikari.HikariDataSource       : HikariPool-1 - Shutdown initiated...
2025-11-20T02:02:59.762Z  INFO 1 --- [ms-rutas-transportistas] [main] com.zaxxer.hikari.HikariDataSource       : HikariPool-1 - Shutdown completed.
2025-11-20T02:02:59.766Z  INFO 1 --- [ms-rutas-transportistas] [main] o.apache.catalina.core.StandardService   : Stopping service [Tomcat]
2025-11-20T02:02:59.784Z  INFO 1 --- [ms-rutas-transportistas] [main] .s.b.a.l.ConditionEvaluationReportLogger : 

Error starting ApplicationContext. To display the condition evaluation report re-run your application with 'debug' enabled.
2025-11-20T02:02:59.811Z ERROR 1 --- [ms-rutas-transportistas] [main] o.s.boot.SpringApplication               : Application run failed

org.springframework.beans.factory.BeanCreationException: Error creating bean with name 'restMicroservicoConfig' defined in URL [jar:nested:/app/app.jar/!BOOT-INF/classes/!/com/backend/tpi/ms_rutas_transportistas/config/RestMicroservicoConfig.class]: Failed to instantiate [com.backend.tpi.ms_rutas_transportistas.config.RestMicroservicoConfig$$SpringCGLIB$$0]: Constructor threw exception
	at org.springframework.beans.factory.support.AbstractAutowireCapableBeanFactory.instantiateBean(AbstractAutowireCapableBeanFactory.java:1337) ~[spring-beans-6.1.13.jar!/:6.1.13]
	at org.springframework.beans.factory.support.AbstractAutowireCapableBeanFactory.createBeanInstance(AbstractAutowireCapableBeanFactory.java:1222) ~[spring-beans-6.1.13.jar!/:6.1.13]
	at org.springframework.beans.factory.support.AbstractAutowireCapableBeanFactory.doCreateBean(AbstractAutowireCapableBeanFactory.java:562) ~[spring-beans-6.1.13.jar!/:6.1.13]
	at org.springframework.beans.factory.support.AbstractAutowireCapableBeanFactory.createBean(AbstractAutowireCapableBeanFactory.java:522) ~[spring-beans-6.1.13.jar!/:6.1.13]
	at org.springframework.beans.factory.support.AbstractBeanFactory.lambda$doGetBean$0(AbstractBeanFactory.java:337) ~[spring-beans-6.1.13.jar!/:6.1.13]
	at org.springframework.beans.factory.support.DefaultSingletonBeanRegistry.getSingleton(DefaultSingletonBeanRegistry.java:234) ~[spring-beans-6.1.13.jar!/:6.1.13]
	at org.springframework.beans.factory.support.AbstractBeanFactory.doGetBean(AbstractBeanFactory.java:335) ~[spring-beans-6.1.13.jar!/:6.1.13]
	at org.springframework.beans.factory.support.AbstractBeanFactory.getBean(AbstractBeanFactory.java:200) ~[spring-beans-6.1.13.jar!/:6.1.13]
	at org.springframework.beans.factory.support.DefaultListableBeanFactory.preInstantiateSingletons(DefaultListableBeanFactory.java:975) ~[spring-beans-6.1.13.jar!/:6.1.13]
	at org.springframework.context.support.AbstractApplicationContext.finishBeanFactoryInitialization(AbstractApplicationContext.java:971) ~[spring-context-6.1.13.jar!/:6.1.13]
	at org.springframework.context.support.AbstractApplicationContext.refresh(AbstractApplicationContext.java:625) ~[spring-context-6.1.13.jar!/:6.1.13]
	at org.springframework.boot.web.servlet.context.ServletWebServerApplicationContext.refresh(ServletWebServerApplicationContext.java:146) ~[spring-boot-3.3.4.jar!/:3.3.4]
	at org.springframework.boot.SpringApplication.refresh(SpringApplication.java:754) ~[spring-boot-3.3.4.jar!/:3.3.4]
	at org.springframework.boot.SpringApplication.refreshContext(SpringApplication.java:456) ~[spring-boot-3.3.4.jar!/:3.3.4]
	at org.springframework.boot.SpringApplication.run(SpringApplication.java:335) ~[spring-boot-3.3.4.jar!/:3.3.4]
	at org.springframework.boot.SpringApplication.run(SpringApplication.java:1363) ~[spring-boot-3.3.4.jar!/:3.3.4]
	at org.springframework.boot.SpringApplication.run(SpringApplication.java:1352) ~[spring-boot-3.3.4.jar!/:3.3.4]
	at com.backend.tpi.ms_rutas_transportistas.RutasTransportistasApplication.main(RutasTransportistasApplication.java:12) ~[!/:0.0.1-SNAPSHOT]
	at java.base/jdk.internal.reflect.DirectMethodHandleAccessor.invoke(Unknown Source) ~[na:na]
	at java.base/java.lang.reflect.Method.invoke(Unknown Source) ~[na:na]
	at org.springframework.boot.loader.launch.Launcher.launch(Launcher.java:102) ~[app.jar:0.0.1-SNAPSHOT]
	at org.springframework.boot.loader.launch.Launcher.launch(Launcher.java:64) ~[app.jar:0.0.1-SNAPSHOT]
	at org.springframework.boot.loader.launch.JarLauncher.main(JarLauncher.java:40) ~[app.jar:0.0.1-SNAPSHOT]
Caused by: org.springframework.beans.BeanInstantiationException: Failed to instantiate [com.backend.tpi.ms_rutas_transportistas.config.RestMicroservicoConfig$$SpringCGLIB$$0]: Constructor threw exception
	at org.springframework.beans.BeanUtils.instantiateClass(BeanUtils.java:221) ~[spring-beans-6.1.13.jar!/:6.1.13]
	at org.springframework.beans.factory.support.SimpleInstantiationStrategy.instantiate(SimpleInstantiationStrategy.java:94) ~[spring-beans-6.1.13.jar!/:6.1.13]
	at org.springframework.beans.factory.support.AbstractAutowireCapableBeanFactory.instantiateBean(AbstractAutowireCapableBeanFactory.java:1331) ~[spring-beans-6.1.13.jar!/:6.1.13]
	... 22 common frames omitted
Caused by: java.lang.Error: Unresolved compilation problem: 
	Syntax error on token "}", delete this token

	at com.backend.tpi.ms_rutas_transportistas.config.RestMicroservicoConfig.<init>(RestMicroservicoConfig.java:32) ~[!/:0.0.1-SNAPSHOT]
	at com.backend.tpi.ms_rutas_transportistas.config.RestMicroservicoConfig$$SpringCGLIB$$0.<init>(<generated>) ~[!/:0.0.1-SNAPSHOT]
	at java.base/jdk.internal.reflect.DirectConstructorHandleAccessor.newInstance(Unknown Source) ~[na:na]
	at java.base/java.lang.reflect.Constructor.newInstanceWithCaller(Unknown Source) ~[na:na]
	at java.base/java.lang.reflect.Constructor.newInstance(Unknown Source) ~[na:na]
	at org.springframework.beans.BeanUtils.instantiateClass(BeanUtils.java:195) ~[spring-beans-6.1.13.jar!/:6.1.13]
	... 24 common frames omitted

2025-11-20T02:03:39.333Z  INFO 1 --- [ms-rutas-transportistas] [main] c.b.t.m.RutasTransportistasApplication   : Starting RutasTransportistasApplication v0.0.1-SNAPSHOT using Java 21.0.9 with PID 1 (/app/app.jar started by root in /app)
2025-11-20T02:03:39.337Z  INFO 1 --- [ms-rutas-transportistas] [main] c.b.t.m.RutasTransportistasApplication   : No active profile set, falling back to 1 default profile: "default"
2025-11-20T02:03:40.456Z  INFO 1 --- [ms-rutas-transportistas] [main] .s.d.r.c.RepositoryConfigurationDelegate : Bootstrapping Spring Data JPA repositories in DEFAULT mode.
2025-11-20T02:03:40.535Z  INFO 1 --- [ms-rutas-transportistas] [main] .s.d.r.c.RepositoryConfigurationDelegate : Finished Spring Data repository scanning in 71 ms. Found 7 JPA repository interfaces.
2025-11-20T02:03:42.445Z  INFO 1 --- [ms-rutas-transportistas] [main] o.s.b.w.embedded.tomcat.TomcatWebServer  : Tomcat initialized with port 8082 (http)
2025-11-20T02:03:42.463Z  INFO 1 --- [ms-rutas-transportistas] [main] o.apache.catalina.core.StandardService   : Starting service [Tomcat]
2025-11-20T02:03:42.464Z  INFO 1 --- [ms-rutas-transportistas] [main] o.apache.catalina.core.StandardEngine    : Starting Servlet engine: [Apache Tomcat/10.1.30]
2025-11-20T02:03:42.517Z  INFO 1 --- [ms-rutas-transportistas] [main] o.a.c.c.C.[Tomcat].[localhost].[/]       : Initializing Spring embedded WebApplicationContext
2025-11-20T02:03:42.519Z  INFO 1 --- [ms-rutas-transportistas] [main] w.s.c.ServletWebServerApplicationContext : Root WebApplicationContext: initialization completed in 3127 ms
2025-11-20T02:03:43.096Z  INFO 1 --- [ms-rutas-transportistas] [main] o.s.o.j.p.SpringPersistenceUnitInfo      : No LoadTimeWeaver setup: ignoring JPA class transformer
2025-11-20T02:03:43.121Z  INFO 1 --- [ms-rutas-transportistas] [main] com.zaxxer.hikari.HikariDataSource       : HikariPool-1 - Starting...
2025-11-20T02:03:43.315Z  INFO 1 --- [ms-rutas-transportistas] [main] com.zaxxer.hikari.pool.HikariPool        : HikariPool-1 - Added connection org.postgresql.jdbc.PgConnection@6e090aaa
2025-11-20T02:03:43.318Z  INFO 1 --- [ms-rutas-transportistas] [main] com.zaxxer.hikari.HikariDataSource       : HikariPool-1 - Start completed.
2025-11-20T02:03:43.352Z  WARN 1 --- [ms-rutas-transportistas] [main] org.hibernate.orm.deprecation            : HHH90000025: PostgreSQLDialect does not need to be specified explicitly using 'hibernate.dialect' (remove the property setting and it will be selected by default)
2025-11-20T02:03:44.703Z  INFO 1 --- [ms-rutas-transportistas] [main] j.LocalContainerEntityManagerFactoryBean : Initialized JPA EntityManagerFactory for persistence unit 'default'
2025-11-20T02:03:47.764Z  WARN 1 --- [ms-rutas-transportistas] [main] JpaBaseConfiguration$JpaWebConfiguration : spring.jpa.open-in-view is enabled by default. Therefore, database queries may be performed during view rendering. Explicitly configure spring.jpa.open-in-view to disable this warning
2025-11-20T02:03:48.746Z  INFO 1 --- [ms-rutas-transportistas] [main] o.s.b.w.embedded.tomcat.TomcatWebServer  : Tomcat started on port 8082 (http) with context path '/'
2025-11-20T02:03:48.756Z  INFO 1 --- [ms-rutas-transportistas] [main] c.b.t.m.RutasTransportistasApplication   : Started RutasTransportistasApplication in 10.116 seconds (process running for 10.872)
2025-11-20T03:19:10.564Z  INFO 1 --- [ms-rutas-transportistas] [http-nio-8082-exec-1] o.a.c.c.C.[Tomcat].[localhost].[/]       : Initializing Spring DispatcherServlet 'dispatcherServlet'
