2025-11-22T00:40:51.564Z  INFO 1 --- [ms-solicitudes] [main] c.b.t.m.MsSolicitudesApplication         : Starting MsSolicitudesApplication v0.0.1-SNAPSHOT using Java 21.0.9 with PID 1 (/app/app.jar started by root in /app)
2025-11-22T00:40:51.676Z  INFO 1 --- [ms-solicitudes] [main] c.b.t.m.MsSolicitudesApplication         : No active profile set, falling back to 1 default profile: "default"
2025-11-22T00:40:58.455Z  INFO 1 --- [ms-solicitudes] [main] .s.d.r.c.RepositoryConfigurationDelegate : Bootstrapping Spring Data JPA repositories in DEFAULT mode.
2025-11-22T00:40:58.777Z  INFO 1 --- [ms-solicitudes] [main] .s.d.r.c.RepositoryConfigurationDelegate : Finished Spring Data repository scanning in 282 ms. Found 5 JPA repository interfaces.
2025-11-22T00:41:01.544Z  INFO 1 --- [ms-solicitudes] [main] o.s.b.w.embedded.tomcat.TomcatWebServer  : Tomcat initialized with port 8083 (http)
2025-11-22T00:41:01.606Z  INFO 1 --- [ms-solicitudes] [main] o.apache.catalina.core.StandardService   : Starting service [Tomcat]
2025-11-22T00:41:01.610Z  INFO 1 --- [ms-solicitudes] [main] o.apache.catalina.core.StandardEngine    : Starting Servlet engine: [Apache Tomcat/10.1.30]
2025-11-22T00:41:01.788Z  INFO 1 --- [ms-solicitudes] [main] o.a.c.c.C.[Tomcat].[localhost].[/]       : Initializing Spring embedded WebApplicationContext
2025-11-22T00:41:01.790Z  INFO 1 --- [ms-solicitudes] [main] w.s.c.ServletWebServerApplicationContext : Root WebApplicationContext: initialization completed in 9826 ms
2025-11-22T00:41:04.640Z  INFO 1 --- [ms-solicitudes] [main] o.s.o.j.p.SpringPersistenceUnitInfo      : No LoadTimeWeaver setup: ignoring JPA class transformer
2025-11-22T00:41:04.749Z  INFO 1 --- [ms-solicitudes] [main] com.zaxxer.hikari.HikariDataSource       : HikariPool-1 - Starting...
2025-11-22T00:41:05.591Z  INFO 1 --- [ms-solicitudes] [main] com.zaxxer.hikari.pool.HikariPool        : HikariPool-1 - Added connection org.postgresql.jdbc.PgConnection@460eb276
2025-11-22T00:41:05.594Z  INFO 1 --- [ms-solicitudes] [main] com.zaxxer.hikari.HikariDataSource       : HikariPool-1 - Start completed.
2025-11-22T00:41:05.841Z  WARN 1 --- [ms-solicitudes] [main] org.hibernate.orm.deprecation            : HHH90000025: PostgreSQLDialect does not need to be specified explicitly using 'hibernate.dialect' (remove the property setting and it will be selected by default)
2025-11-22T00:41:11.635Z  INFO 1 --- [ms-solicitudes] [main] j.LocalContainerEntityManagerFactoryBean : Initialized JPA EntityManagerFactory for persistence unit 'default'
2025-11-22T00:41:15.332Z  WARN 1 --- [ms-solicitudes] [main] JpaBaseConfiguration$JpaWebConfiguration : spring.jpa.open-in-view is enabled by default. Therefore, database queries may be performed during view rendering. Explicitly configure spring.jpa.open-in-view to disable this warning
2025-11-22T00:41:15.429Z DEBUG 1 --- [ms-solicitudes] [main] swordEncoderAuthenticationManagerBuilder : No authenticationProviders and no parentAuthenticationManager defined. Returning null.
2025-11-22T00:41:17.837Z DEBUG 1 --- [ms-solicitudes] [main] o.s.s.web.DefaultSecurityFilterChain     : Will secure any request with filters: DisableEncodeUrlFilter, WebAsyncManagerIntegrationFilter, SecurityContextHolderFilter, HeaderWriterFilter, LogoutFilter, BearerTokenAuthenticationFilter, RequestCacheAwareFilter, SecurityContextHolderAwareRequestFilter, AnonymousAuthenticationFilter, ExceptionTranslationFilter, AuthorizationFilter
2025-11-22T00:41:19.249Z  INFO 1 --- [ms-solicitudes] [main] o.s.b.w.embedded.tomcat.TomcatWebServer  : Tomcat started on port 8083 (http) with context path '/'
2025-11-22T00:41:19.308Z  INFO 1 --- [ms-solicitudes] [main] c.b.t.m.MsSolicitudesApplication         : Started MsSolicitudesApplication in 29.663 seconds (process running for 33.41)
2025-11-22T00:44:49.594Z  INFO 1 --- [ms-solicitudes] [http-nio-8083-exec-2] o.a.c.c.C.[Tomcat].[localhost].[/]       : Initializing Spring DispatcherServlet 'dispatcherServlet'
2025-11-22T00:44:49.696Z DEBUG 1 --- [ms-solicitudes] [http-nio-8083-exec-2] o.s.security.web.FilterChainProxy        : Securing POST /api/v1/solicitudes/2/solicitar-ruta
2025-11-22T00:44:50.262Z DEBUG 1 --- [ms-solicitudes] [http-nio-8083-exec-2] o.s.s.o.s.r.a.JwtAuthenticationProvider  : Authenticated token
2025-11-22T00:44:50.269Z DEBUG 1 --- [ms-solicitudes] [http-nio-8083-exec-2] .s.r.w.a.BearerTokenAuthenticationFilter : Set SecurityContextHolder to JwtAuthenticationToken [Principal=org.springframework.security.oauth2.jwt.Jwt@d0f4a441, Credentials=[PROTECTED], Authenticated=true, Details=WebAuthenticationDetails [RemoteIpAddress=172.19.0.8, SessionId=null], Granted Authorities=[ROLE_TRANSPORTISTA, ROLE_ADMIN, ROLE_OPERADOR, ROLE_CLIENTE]]
2025-11-22T00:44:50.281Z DEBUG 1 --- [ms-solicitudes] [http-nio-8083-exec-2] o.s.security.web.FilterChainProxy        : Secured POST /api/v1/solicitudes/2/solicitar-ruta
2025-11-22T00:44:50.408Z DEBUG 1 --- [ms-solicitudes] [http-nio-8083-exec-2] horizationManagerBeforeMethodInterceptor : Authorizing method invocation ReflectiveMethodInvocation: public org.springframework.http.ResponseEntity com.backend.tpi.ms_solicitudes.controllers.SolicitudController.requestRoute(java.lang.Long); target is of class [com.backend.tpi.ms_solicitudes.controllers.SolicitudController]
2025-11-22T00:44:50.445Z DEBUG 1 --- [ms-solicitudes] [http-nio-8083-exec-2] horizationManagerBeforeMethodInterceptor : Authorized method invocation ReflectiveMethodInvocation: public org.springframework.http.ResponseEntity com.backend.tpi.ms_solicitudes.controllers.SolicitudController.requestRoute(java.lang.Long); target is of class [com.backend.tpi.ms_solicitudes.controllers.SolicitudController]
2025-11-22T00:44:50.446Z  INFO 1 --- [ms-solicitudes] [http-nio-8083-exec-2] c.b.t.m.controllers.SolicitudController  : POST /api/v1/solicitudes/2/solicitar-ruta - Solicitando ruta
2025-11-22T00:44:50.447Z  INFO 1 --- [ms-solicitudes] [http-nio-8083-exec-2] c.b.t.m.services.SolicitudService        : Solicitando ruta para solicitud ID: 2 al microservicio de rutas (persistEstimates=false)
2025-11-22T00:44:52.220Z DEBUG 1 --- [ms-solicitudes] [http-nio-8083-exec-1] o.s.security.web.FilterChainProxy        : Securing GET /api/v1/solicitudes/2
2025-11-22T00:44:52.225Z DEBUG 1 --- [ms-solicitudes] [http-nio-8083-exec-1] o.s.s.o.s.r.a.JwtAuthenticationProvider  : Authenticated token
2025-11-22T00:44:52.226Z DEBUG 1 --- [ms-solicitudes] [http-nio-8083-exec-1] .s.r.w.a.BearerTokenAuthenticationFilter : Set SecurityContextHolder to JwtAuthenticationToken [Principal=org.springframework.security.oauth2.jwt.Jwt@d0f4a441, Credentials=[PROTECTED], Authenticated=true, Details=WebAuthenticationDetails [RemoteIpAddress=172.19.0.6, SessionId=null], Granted Authorities=[ROLE_TRANSPORTISTA, ROLE_ADMIN, ROLE_OPERADOR, ROLE_CLIENTE]]
2025-11-22T00:44:52.226Z DEBUG 1 --- [ms-solicitudes] [http-nio-8083-exec-1] o.s.security.web.FilterChainProxy        : Secured GET /api/v1/solicitudes/2
2025-11-22T00:44:52.228Z DEBUG 1 --- [ms-solicitudes] [http-nio-8083-exec-1] horizationManagerBeforeMethodInterceptor : Authorizing method invocation ReflectiveMethodInvocation: public org.springframework.http.ResponseEntity com.backend.tpi.ms_solicitudes.controllers.SolicitudController.findById(java.lang.Long); target is of class [com.backend.tpi.ms_solicitudes.controllers.SolicitudController]
2025-11-22T00:44:52.229Z DEBUG 1 --- [ms-solicitudes] [http-nio-8083-exec-1] horizationManagerBeforeMethodInterceptor : Authorized method invocation ReflectiveMethodInvocation: public org.springframework.http.ResponseEntity com.backend.tpi.ms_solicitudes.controllers.SolicitudController.findById(java.lang.Long); target is of class [com.backend.tpi.ms_solicitudes.controllers.SolicitudController]
2025-11-22T00:44:52.229Z  INFO 1 --- [ms-solicitudes] [http-nio-8083-exec-1] c.b.t.m.controllers.SolicitudController  : GET /api/v1/solicitudes/2 - Buscando solicitud por ID
2025-11-22T00:44:52.336Z  WARN 1 --- [ms-solicitudes] [http-nio-8083-exec-1] c.b.t.m.services.SolicitudService        : Solicitud no encontrada con ID: 2
2025-11-22T00:44:52.339Z  WARN 1 --- [ms-solicitudes] [http-nio-8083-exec-1] c.b.t.m.controllers.SolicitudController  : GET /api/v1/solicitudes/2 - Respuesta: 404 - Solicitud no encontrada
2025-11-22T00:44:52.628Z ERROR 1 --- [ms-solicitudes] [http-nio-8083-exec-2] c.b.t.m.services.SolicitudService        : Error al solicitar ruta para solicitud ID: 2 - 500 Internal Server Error: [no body]
2025-11-22T00:47:01.737Z DEBUG 1 --- [ms-solicitudes] [http-nio-8083-exec-4] o.s.security.web.FilterChainProxy        : Securing GET /api/v1/solicitudes/2
2025-11-22T00:47:01.740Z DEBUG 1 --- [ms-solicitudes] [http-nio-8083-exec-4] o.s.s.o.s.r.a.JwtAuthenticationProvider  : Authenticated token
2025-11-22T00:47:01.740Z DEBUG 1 --- [ms-solicitudes] [http-nio-8083-exec-4] .s.r.w.a.BearerTokenAuthenticationFilter : Set SecurityContextHolder to JwtAuthenticationToken [Principal=org.springframework.security.oauth2.jwt.Jwt@d0f4a441, Credentials=[PROTECTED], Authenticated=true, Details=WebAuthenticationDetails [RemoteIpAddress=172.19.0.6, SessionId=null], Granted Authorities=[ROLE_TRANSPORTISTA, ROLE_ADMIN, ROLE_OPERADOR, ROLE_CLIENTE]]
2025-11-22T00:47:01.741Z DEBUG 1 --- [ms-solicitudes] [http-nio-8083-exec-4] o.s.security.web.FilterChainProxy        : Secured GET /api/v1/solicitudes/2
2025-11-22T00:47:01.742Z DEBUG 1 --- [ms-solicitudes] [http-nio-8083-exec-4] horizationManagerBeforeMethodInterceptor : Authorizing method invocation ReflectiveMethodInvocation: public org.springframework.http.ResponseEntity com.backend.tpi.ms_solicitudes.controllers.SolicitudController.findById(java.lang.Long); target is of class [com.backend.tpi.ms_solicitudes.controllers.SolicitudController]
2025-11-22T00:47:01.744Z DEBUG 1 --- [ms-solicitudes] [http-nio-8083-exec-4] horizationManagerBeforeMethodInterceptor : Authorized method invocation ReflectiveMethodInvocation: public org.springframework.http.ResponseEntity com.backend.tpi.ms_solicitudes.controllers.SolicitudController.findById(java.lang.Long); target is of class [com.backend.tpi.ms_solicitudes.controllers.SolicitudController]
2025-11-22T00:47:01.744Z  INFO 1 --- [ms-solicitudes] [http-nio-8083-exec-4] c.b.t.m.controllers.SolicitudController  : GET /api/v1/solicitudes/2 - Buscando solicitud por ID
2025-11-22T00:47:01.747Z  WARN 1 --- [ms-solicitudes] [http-nio-8083-exec-4] c.b.t.m.services.SolicitudService        : Solicitud no encontrada con ID: 2
2025-11-22T00:47:01.748Z  WARN 1 --- [ms-solicitudes] [http-nio-8083-exec-4] c.b.t.m.controllers.SolicitudController  : GET /api/v1/solicitudes/2 - Respuesta: 404 - Solicitud no encontrada
2025-11-22T00:49:34.829Z DEBUG 1 --- [ms-solicitudes] [http-nio-8083-exec-6] o.s.security.web.FilterChainProxy        : Securing GET /api/v1/solicitudes
2025-11-22T00:49:34.834Z DEBUG 1 --- [ms-solicitudes] [http-nio-8083-exec-6] o.s.s.o.s.r.a.JwtAuthenticationProvider  : Authenticated token
2025-11-22T00:49:34.834Z DEBUG 1 --- [ms-solicitudes] [http-nio-8083-exec-6] .s.r.w.a.BearerTokenAuthenticationFilter : Set SecurityContextHolder to JwtAuthenticationToken [Principal=org.springframework.security.oauth2.jwt.Jwt@d0f4a441, Credentials=[PROTECTED], Authenticated=true, Details=WebAuthenticationDetails [RemoteIpAddress=172.19.0.8, SessionId=null], Granted Authorities=[ROLE_TRANSPORTISTA, ROLE_ADMIN, ROLE_OPERADOR, ROLE_CLIENTE]]
2025-11-22T00:49:34.835Z DEBUG 1 --- [ms-solicitudes] [http-nio-8083-exec-6] o.s.security.web.FilterChainProxy        : Secured GET /api/v1/solicitudes
2025-11-22T00:49:34.838Z DEBUG 1 --- [ms-solicitudes] [http-nio-8083-exec-6] horizationManagerBeforeMethodInterceptor : Authorizing method invocation ReflectiveMethodInvocation: public org.springframework.http.ResponseEntity com.backend.tpi.ms_solicitudes.controllers.SolicitudController.findAll(java.lang.String,java.lang.Long); target is of class [com.backend.tpi.ms_solicitudes.controllers.SolicitudController]
2025-11-22T00:49:34.838Z DEBUG 1 --- [ms-solicitudes] [http-nio-8083-exec-6] horizationManagerBeforeMethodInterceptor : Authorized method invocation ReflectiveMethodInvocation: public org.springframework.http.ResponseEntity com.backend.tpi.ms_solicitudes.controllers.SolicitudController.findAll(java.lang.String,java.lang.Long); target is of class [com.backend.tpi.ms_solicitudes.controllers.SolicitudController]
2025-11-22T00:49:34.839Z  INFO 1 --- [ms-solicitudes] [http-nio-8083-exec-6] c.b.t.m.controllers.SolicitudController  : GET /api/v1/solicitudes - Consultando solicitudes con filtros - estado: null, clienteId: null
2025-11-22T00:49:34.918Z  INFO 1 --- [ms-solicitudes] [http-nio-8083-exec-6] c.b.t.m.controllers.SolicitudController  : GET /api/v1/solicitudes - Respuesta: 200 - 0 solicitudes encontradas
2025-11-22T00:49:48.189Z DEBUG 1 --- [ms-solicitudes] [http-nio-8083-exec-7] o.s.security.web.FilterChainProxy        : Securing POST /api/v1/solicitudes
2025-11-22T00:49:48.192Z DEBUG 1 --- [ms-solicitudes] [http-nio-8083-exec-7] o.s.s.o.s.r.a.JwtAuthenticationProvider  : Authenticated token
2025-11-22T00:49:48.192Z DEBUG 1 --- [ms-solicitudes] [http-nio-8083-exec-7] .s.r.w.a.BearerTokenAuthenticationFilter : Set SecurityContextHolder to JwtAuthenticationToken [Principal=org.springframework.security.oauth2.jwt.Jwt@d0f4a441, Credentials=[PROTECTED], Authenticated=true, Details=WebAuthenticationDetails [RemoteIpAddress=172.19.0.8, SessionId=null], Granted Authorities=[ROLE_TRANSPORTISTA, ROLE_ADMIN, ROLE_OPERADOR, ROLE_CLIENTE]]
2025-11-22T00:49:48.193Z DEBUG 1 --- [ms-solicitudes] [http-nio-8083-exec-7] o.s.security.web.FilterChainProxy        : Secured POST /api/v1/solicitudes
2025-11-22T00:49:48.816Z  INFO 1 --- [ms-solicitudes] [http-nio-8083-exec-7] c.b.t.m.controllers.SolicitudController  : POST /api/v1/solicitudes - Creando nueva solicitud
2025-11-22T00:49:50.864Z  INFO 1 --- [ms-solicitudes] [http-nio-8083-exec-7] c.b.t.m.services.GeocodificacionService  : Coordenadas obtenidas vía calculos para 'Av. Santa Fe 567, CABA': lat=-34.5875861, lon=-58.412268
2025-11-22T00:49:50.866Z  INFO 1 --- [ms-solicitudes] [http-nio-8083-exec-7] c.b.t.m.services.SolicitudService        : Coordenadas de origen geocodificadas: lat=-34.5875861, lon=-58.412268
2025-11-22T00:49:51.830Z  INFO 1 --- [ms-solicitudes] [http-nio-8083-exec-7] c.b.t.m.services.GeocodificacionService  : Coordenadas obtenidas vía calculos para 'Av. Corrientes 123, CABA': lat=-34.6028098, lon=-58.3693688
2025-11-22T00:49:51.831Z  INFO 1 --- [ms-solicitudes] [http-nio-8083-exec-7] c.b.t.m.services.SolicitudService        : Coordenadas de destino geocodificadas: lat=-34.6028098, lon=-58.3693688
2025-11-22T00:49:51.869Z  INFO 1 --- [ms-solicitudes] [http-nio-8083-exec-7] c.b.t.m.services.ClienteService          : Guardando cliente: Cliente Test
2025-11-22T00:49:51.916Z  INFO 1 --- [ms-solicitudes] [http-nio-8083-exec-7] c.b.t.m.services.ContenedorService       : Guardando contenedor para cliente ID: 2
2025-11-22T00:49:51.943Z  INFO 1 --- [ms-solicitudes] [http-nio-8083-exec-7] c.b.t.m.services.SolicitudService        : Nuevo contenedor creado con ID 2 para la solicitud
2025-11-22T00:49:51.982Z  INFO 1 --- [ms-solicitudes] [http-nio-8083-exec-7] c.b.t.m.services.SolicitudService        : Solicitud creada exitosamente con ID: 1
2025-11-22T00:49:51.983Z  INFO 1 --- [ms-solicitudes] [http-nio-8083-exec-7] c.b.t.m.controllers.SolicitudController  : POST /api/v1/solicitudes - Respuesta: 200 - Solicitud creada con ID: 1
2025-11-22T00:50:53.461Z DEBUG 1 --- [ms-solicitudes] [http-nio-8083-exec-9] o.s.security.web.FilterChainProxy        : Securing GET /api/v1/solicitudes
2025-11-22T00:50:53.483Z DEBUG 1 --- [ms-solicitudes] [http-nio-8083-exec-9] o.s.s.o.s.r.a.JwtAuthenticationProvider  : Authenticated token
2025-11-22T00:50:53.484Z DEBUG 1 --- [ms-solicitudes] [http-nio-8083-exec-9] .s.r.w.a.BearerTokenAuthenticationFilter : Set SecurityContextHolder to JwtAuthenticationToken [Principal=org.springframework.security.oauth2.jwt.Jwt@fb5a5e67, Credentials=[PROTECTED], Authenticated=true, Details=WebAuthenticationDetails [RemoteIpAddress=172.19.0.8, SessionId=null], Granted Authorities=[ROLE_TRANSPORTISTA, ROLE_ADMIN, ROLE_OPERADOR, ROLE_CLIENTE]]
2025-11-22T00:50:53.484Z DEBUG 1 --- [ms-solicitudes] [http-nio-8083-exec-9] o.s.security.web.FilterChainProxy        : Secured GET /api/v1/solicitudes
2025-11-22T00:50:53.485Z DEBUG 1 --- [ms-solicitudes] [http-nio-8083-exec-9] horizationManagerBeforeMethodInterceptor : Authorizing method invocation ReflectiveMethodInvocation: public org.springframework.http.ResponseEntity com.backend.tpi.ms_solicitudes.controllers.SolicitudController.findAll(java.lang.String,java.lang.Long); target is of class [com.backend.tpi.ms_solicitudes.controllers.SolicitudController]
2025-11-22T00:50:53.486Z DEBUG 1 --- [ms-solicitudes] [http-nio-8083-exec-9] horizationManagerBeforeMethodInterceptor : Authorized method invocation ReflectiveMethodInvocation: public org.springframework.http.ResponseEntity com.backend.tpi.ms_solicitudes.controllers.SolicitudController.findAll(java.lang.String,java.lang.Long); target is of class [com.backend.tpi.ms_solicitudes.controllers.SolicitudController]
2025-11-22T00:50:53.486Z  INFO 1 --- [ms-solicitudes] [http-nio-8083-exec-9] c.b.t.m.controllers.SolicitudController  : GET /api/v1/solicitudes - Consultando solicitudes con filtros - estado: null, clienteId: null
2025-11-22T00:50:53.503Z  INFO 1 --- [ms-solicitudes] [http-nio-8083-exec-9] c.b.t.m.controllers.SolicitudController  : GET /api/v1/solicitudes - Respuesta: 200 - 1 solicitudes encontradas
2025-11-22T00:51:10.730Z DEBUG 1 --- [ms-solicitudes] [http-nio-8083-exec-10] o.s.security.web.FilterChainProxy        : Securing GET /api/v1/solicitudes/2
2025-11-22T00:51:10.732Z DEBUG 1 --- [ms-solicitudes] [http-nio-8083-exec-10] o.s.s.o.s.r.a.JwtAuthenticationProvider  : Authenticated token
2025-11-22T00:51:10.733Z DEBUG 1 --- [ms-solicitudes] [http-nio-8083-exec-10] .s.r.w.a.BearerTokenAuthenticationFilter : Set SecurityContextHolder to JwtAuthenticationToken [Principal=org.springframework.security.oauth2.jwt.Jwt@fb5a5e67, Credentials=[PROTECTED], Authenticated=true, Details=WebAuthenticationDetails [RemoteIpAddress=172.19.0.6, SessionId=null], Granted Authorities=[ROLE_TRANSPORTISTA, ROLE_ADMIN, ROLE_OPERADOR, ROLE_CLIENTE]]
2025-11-22T00:51:10.733Z DEBUG 1 --- [ms-solicitudes] [http-nio-8083-exec-10] o.s.security.web.FilterChainProxy        : Secured GET /api/v1/solicitudes/2
2025-11-22T00:51:10.734Z DEBUG 1 --- [ms-solicitudes] [http-nio-8083-exec-10] horizationManagerBeforeMethodInterceptor : Authorizing method invocation ReflectiveMethodInvocation: public org.springframework.http.ResponseEntity com.backend.tpi.ms_solicitudes.controllers.SolicitudController.findById(java.lang.Long); target is of class [com.backend.tpi.ms_solicitudes.controllers.SolicitudController]
2025-11-22T00:51:10.735Z DEBUG 1 --- [ms-solicitudes] [http-nio-8083-exec-10] horizationManagerBeforeMethodInterceptor : Authorized method invocation ReflectiveMethodInvocation: public org.springframework.http.ResponseEntity com.backend.tpi.ms_solicitudes.controllers.SolicitudController.findById(java.lang.Long); target is of class [com.backend.tpi.ms_solicitudes.controllers.SolicitudController]
2025-11-22T00:51:10.735Z  INFO 1 --- [ms-solicitudes] [http-nio-8083-exec-10] c.b.t.m.controllers.SolicitudController  : GET /api/v1/solicitudes/2 - Buscando solicitud por ID
2025-11-22T00:51:10.739Z  WARN 1 --- [ms-solicitudes] [http-nio-8083-exec-10] c.b.t.m.services.SolicitudService        : Solicitud no encontrada con ID: 2
2025-11-22T00:51:10.740Z  WARN 1 --- [ms-solicitudes] [http-nio-8083-exec-10] c.b.t.m.controllers.SolicitudController  : GET /api/v1/solicitudes/2 - Respuesta: 404 - Solicitud no encontrada
2025-11-22T00:51:22.176Z DEBUG 1 --- [ms-solicitudes] [http-nio-8083-exec-1] o.s.security.web.FilterChainProxy        : Securing GET /api/v1/solicitudes/1
2025-11-22T00:51:22.178Z DEBUG 1 --- [ms-solicitudes] [http-nio-8083-exec-1] o.s.s.o.s.r.a.JwtAuthenticationProvider  : Authenticated token
2025-11-22T00:51:22.179Z DEBUG 1 --- [ms-solicitudes] [http-nio-8083-exec-1] .s.r.w.a.BearerTokenAuthenticationFilter : Set SecurityContextHolder to JwtAuthenticationToken [Principal=org.springframework.security.oauth2.jwt.Jwt@fb5a5e67, Credentials=[PROTECTED], Authenticated=true, Details=WebAuthenticationDetails [RemoteIpAddress=172.19.0.6, SessionId=null], Granted Authorities=[ROLE_TRANSPORTISTA, ROLE_ADMIN, ROLE_OPERADOR, ROLE_CLIENTE]]
2025-11-22T00:51:22.179Z DEBUG 1 --- [ms-solicitudes] [http-nio-8083-exec-1] o.s.security.web.FilterChainProxy        : Secured GET /api/v1/solicitudes/1
2025-11-22T00:51:22.181Z DEBUG 1 --- [ms-solicitudes] [http-nio-8083-exec-1] horizationManagerBeforeMethodInterceptor : Authorizing method invocation ReflectiveMethodInvocation: public org.springframework.http.ResponseEntity com.backend.tpi.ms_solicitudes.controllers.SolicitudController.findById(java.lang.Long); target is of class [com.backend.tpi.ms_solicitudes.controllers.SolicitudController]
2025-11-22T00:51:22.182Z DEBUG 1 --- [ms-solicitudes] [http-nio-8083-exec-1] horizationManagerBeforeMethodInterceptor : Authorized method invocation ReflectiveMethodInvocation: public org.springframework.http.ResponseEntity com.backend.tpi.ms_solicitudes.controllers.SolicitudController.findById(java.lang.Long); target is of class [com.backend.tpi.ms_solicitudes.controllers.SolicitudController]
2025-11-22T00:51:22.182Z  INFO 1 --- [ms-solicitudes] [http-nio-8083-exec-1] c.b.t.m.controllers.SolicitudController  : GET /api/v1/solicitudes/1 - Buscando solicitud por ID
2025-11-22T00:51:22.186Z  INFO 1 --- [ms-solicitudes] [http-nio-8083-exec-1] c.b.t.m.controllers.SolicitudController  : GET /api/v1/solicitudes/1 - Respuesta: 200 - Solicitud encontrada
2025-11-22T01:02:33.643Z DEBUG 1 --- [ms-solicitudes] [http-nio-8083-exec-4] o.s.security.web.FilterChainProxy        : Securing GET /api/v1/solicitudes
2025-11-22T01:02:33.657Z DEBUG 1 --- [ms-solicitudes] [http-nio-8083-exec-4] o.s.s.o.s.r.a.JwtAuthenticationProvider  : Authenticated token
2025-11-22T01:02:33.658Z DEBUG 1 --- [ms-solicitudes] [http-nio-8083-exec-4] .s.r.w.a.BearerTokenAuthenticationFilter : Set SecurityContextHolder to JwtAuthenticationToken [Principal=org.springframework.security.oauth2.jwt.Jwt@99e08c6d, Credentials=[PROTECTED], Authenticated=true, Details=WebAuthenticationDetails [RemoteIpAddress=172.19.0.8, SessionId=null], Granted Authorities=[ROLE_TRANSPORTISTA, ROLE_ADMIN, ROLE_OPERADOR, ROLE_CLIENTE]]
2025-11-22T01:02:33.659Z DEBUG 1 --- [ms-solicitudes] [http-nio-8083-exec-4] o.s.security.web.FilterChainProxy        : Secured GET /api/v1/solicitudes
2025-11-22T01:02:33.661Z DEBUG 1 --- [ms-solicitudes] [http-nio-8083-exec-4] horizationManagerBeforeMethodInterceptor : Authorizing method invocation ReflectiveMethodInvocation: public org.springframework.http.ResponseEntity com.backend.tpi.ms_solicitudes.controllers.SolicitudController.findAll(java.lang.String,java.lang.Long); target is of class [com.backend.tpi.ms_solicitudes.controllers.SolicitudController]
2025-11-22T01:02:33.662Z DEBUG 1 --- [ms-solicitudes] [http-nio-8083-exec-4] horizationManagerBeforeMethodInterceptor : Authorized method invocation ReflectiveMethodInvocation: public org.springframework.http.ResponseEntity com.backend.tpi.ms_solicitudes.controllers.SolicitudController.findAll(java.lang.String,java.lang.Long); target is of class [com.backend.tpi.ms_solicitudes.controllers.SolicitudController]
2025-11-22T01:02:33.662Z  INFO 1 --- [ms-solicitudes] [http-nio-8083-exec-4] c.b.t.m.controllers.SolicitudController  : GET /api/v1/solicitudes - Consultando solicitudes con filtros - estado: null, clienteId: null
2025-11-22T01:02:33.668Z  INFO 1 --- [ms-solicitudes] [http-nio-8083-exec-4] c.b.t.m.controllers.SolicitudController  : GET /api/v1/solicitudes - Respuesta: 200 - 1 solicitudes encontradas
